  0624_Practice1.c
D:\WorkSpace\InhaGame-2024\0726_Practice1\0726_Practice1\0624_Practice1.c(39,3): error C2065: 'cout': 선언되지 않은 식별자입니다.
D:\WorkSpace\InhaGame-2024\0726_Practice1\0726_Practice1\0624_Practice1.c(39,8): error C2297: '<<': 오른쪽 피연산자의 유형이 'char [15]'이므로 유효하지 않습니다.
D:\WorkSpace\InhaGame-2024\0726_Practice1\0726_Practice1\0624_Practice1.c(39,8): warning C4552: '<<': 식의 결과가 사용되지 않습니다.
D:\WorkSpace\InhaGame-2024\0726_Practice1\0726_Practice1\0624_Practice1.c(40,3): error C2065: 'cin': 선언되지 않은 식별자입니다.
D:\WorkSpace\InhaGame-2024\0726_Practice1\0726_Practice1\0624_Practice1.c(40,7): warning C4552: '>>': 식의 결과가 사용되지 않습니다.
D:\WorkSpace\InhaGame-2024\0726_Practice1\0726_Practice1\0624_Practice1.c(59,3): error C2065: 'cout': 선언되지 않은 식별자입니다.
D:\WorkSpace\InhaGame-2024\0726_Practice1\0726_Practice1\0624_Practice1.c(59,8): error C2297: '<<': 오른쪽 피연산자의 유형이 'char [3]'이므로 유효하지 않습니다.
D:\WorkSpace\InhaGame-2024\0726_Practice1\0726_Practice1\0624_Practice1.c(59,8): warning C4552: '<<': 식의 결과가 사용되지 않습니다.
D:\WorkSpace\InhaGame-2024\0726_Practice1\0726_Practice1\0624_Practice1.c(69,4): error C2065: 'cout': 선언되지 않은 식별자입니다.
D:\WorkSpace\InhaGame-2024\0726_Practice1\0726_Practice1\0624_Practice1.c(69,9): error C2297: '<<': 오른쪽 피연산자의 유형이 'char [13]'이므로 유효하지 않습니다.
D:\WorkSpace\InhaGame-2024\0726_Practice1\0726_Practice1\0624_Practice1.c(69,43): error C2297: '<<': 오른쪽 피연산자의 유형이 'char [18]'이므로 유효하지 않습니다.
D:\WorkSpace\InhaGame-2024\0726_Practice1\0726_Practice1\0624_Practice1.c(69,43): warning C4552: '<<': 식의 결과가 사용되지 않습니다.
D:\WorkSpace\InhaGame-2024\0726_Practice1\0726_Practice1\0624_Practice1.c(75,4): error C2065: 'cout': 선언되지 않은 식별자입니다.
D:\WorkSpace\InhaGame-2024\0726_Practice1\0726_Practice1\0624_Practice1.c(75,9): error C2297: '<<': 오른쪽 피연산자의 유형이 'char [13]'이므로 유효하지 않습니다.
D:\WorkSpace\InhaGame-2024\0726_Practice1\0726_Practice1\0624_Practice1.c(75,43): error C2297: '<<': 오른쪽 피연산자의 유형이 'char [18]'이므로 유효하지 않습니다.
D:\WorkSpace\InhaGame-2024\0726_Practice1\0726_Practice1\0624_Practice1.c(75,43): warning C4552: '<<': 식의 결과가 사용되지 않습니다.
D:\WorkSpace\InhaGame-2024\0726_Practice1\0726_Practice1\0624_Practice1.c(92,17): error C2065: 'cout': 선언되지 않은 식별자입니다.
D:\WorkSpace\InhaGame-2024\0726_Practice1\0726_Practice1\0624_Practice1.c(92,22): error C2297: '<<': 오른쪽 피연산자의 유형이 'char [13]'이므로 유효하지 않습니다.
D:\WorkSpace\InhaGame-2024\0726_Practice1\0726_Practice1\0624_Practice1.c(92,56): error C2297: '<<': 오른쪽 피연산자의 유형이 'char [18]'이므로 유효하지 않습니다.
D:\WorkSpace\InhaGame-2024\0726_Practice1\0726_Practice1\0624_Practice1.c(92,56): warning C4552: '<<': 식의 결과가 사용되지 않습니다.
D:\WorkSpace\InhaGame-2024\0726_Practice1\0726_Practice1\0624_Practice1.c(93,7): error C2065: 'cout': 선언되지 않은 식별자입니다.
D:\WorkSpace\InhaGame-2024\0726_Practice1\0726_Practice1\0624_Practice1.c(93,12): error C2297: '<<': 오른쪽 피연산자의 유형이 'char [13]'이므로 유효하지 않습니다.
D:\WorkSpace\InhaGame-2024\0726_Practice1\0726_Practice1\0624_Practice1.c(93,46): error C2297: '<<': 오른쪽 피연산자의 유형이 'char [18]'이므로 유효하지 않습니다.
D:\WorkSpace\InhaGame-2024\0726_Practice1\0726_Practice1\0624_Practice1.c(93,46): warning C4552: '<<': 식의 결과가 사용되지 않습니다.
